  common_host.cpp
  cubeb_audio_stream.cpp
  d3d12_host_display.cpp
  achievements.cpp
  fullscreen_ui.cpp
  d3d11_host_display.cpp
  dinput_source.cpp
  imgui_impl_dx11.cpp
  game_list.cpp
  imgui_impl_dx12.cpp
  imgui_fullscreen.cpp
  icon.cpp
  host_settings.cpp
  imgui_impl_opengl3.cpp
  imgui_impl_vulkan.cpp
  imgui_manager.cpp
  imgui_overlays.cpp
  input_manager.cpp
  input_source.cpp
  opengl_host_display.cpp
  platform_misc_win32.cpp
  postprocessing_chain.cpp
  postprocessing_shader.cpp
  postprocessing_shadergen.cpp
  sdl_input_source.cpp
  vulkan_host_display.cpp
  win32_raw_input_source.cpp
  xaudio2_audio_stream.cpp
  xinput_source.cpp
  frontend-common.vcxproj -> D:\GH\duckstation-netplay\build\ReleaseLTCG-x64\frontend-common\frontend-common.lib
